INFO | 2019-11-21 01:44:58,012 | routes | index | Logging a test message from /
INFO | 2019-11-21 01:45:13,084 | routes | login | Logging a test message from /login
INFO | 2019-11-21 01:45:39,729 | routes | login | Logging a test message from /login
INFO | 2019-11-21 01:45:39,752 | routes | home | Logging a test message from /home
INFO | 2019-11-21 01:46:00,156 | routes | about | Logging a test message from /about
INFO | 2019-11-21 01:46:23,887 | routes | home | Logging a test message from /home
INFO | 2019-11-21 01:46:57,769 | routes | home | Logging a test message from /home
INFO | 2019-11-21 01:55:58,985 | routes | map | Logging a test message from /map
INFO | 2019-11-21 01:56:11,706 | routes | map | Logging a test message from /map
INFO | 2019-11-21 02:03:18,349 | routes | home | Logging a test message from /home
INFO | 2019-11-21 02:04:12,362 | routes | home | Logging a test message from /home
INFO | 2019-11-21 02:08:42,117 | routes | home | Logging a test message from /home
INFO | 2019-11-21 02:11:04,161 | routes | home | Logging a test message from /home
INFO | 2019-11-21 02:12:18,094 | routes | home | Logging a test message from /home
INFO | 2019-11-21 02:13:28,156 | routes | home | Logging a test message from /home
INFO | 2019-11-21 02:13:31,497 | routes | home | Logging a test message from /home
INFO | 2019-11-21 02:14:29,199 | routes | home | Logging a test message from /home
INFO | 2019-11-21 02:14:31,238 | routes | home | Logging a test message from /home
INFO | 2019-11-21 02:14:46,548 | routes | home | Logging a test message from /home
INFO | 2019-11-21 02:14:48,368 | routes | home | Logging a test message from /home
INFO | 2019-11-21 02:32:22,048 | routes | home | Logging a test message from /home
INFO | 2019-11-21 02:32:52,334 | routes | home | Logging a test message from /home
INFO | 2019-11-21 02:36:15,200 | routes | home | Logging a test message from /home
INFO | 2019-11-21 04:19:04,912 | routes | home | Logging a test message from /home
INFO | 2019-11-21 05:46:47,570 | routes | home | Logging a test message from /home
INFO | 2019-11-21 05:47:26,922 | routes | home | Logging a test message from /home
INFO | 2019-11-21 05:47:44,701 | routes | home | Logging a test message from /home
INFO | 2019-11-21 15:35:14,235 | routes | home | Logging a test message from /home
INFO | 2019-11-21 15:35:40,999 | routes | home | Logging a test message from /home
INFO | 2019-11-21 15:41:59,909 | routes | home | Logging a test message from /home
INFO | 2019-11-21 16:02:10,616 | routes | home | Logging a test message from /home
INFO | 2019-11-21 16:10:07,648 | routes | home | Logging a test message from /home
INFO | 2019-11-21 16:33:20,485 | routes | home | Logging a test message from /home
INFO | 2019-11-21 16:40:38,317 | routes | home | Logging a test message from /home
INFO | 2019-11-21 16:40:42,806 | routes | home | Logging a test message from /home
INFO | 2019-11-21 16:59:51,172 | routes | home | Logging a test message from /home
INFO | 2019-11-21 17:10:22,241 | routes | home | Logging a test message from /home
INFO | 2019-11-21 17:10:27,734 | routes | home | Logging a test message from /home
INFO | 2019-11-21 17:11:23,945 | routes | home | Logging a test message from /home
INFO | 2019-11-21 17:11:25,800 | routes | home | Logging a test message from /home
INFO | 2019-11-21 17:14:29,237 | routes | home | Logging a test message from /home
INFO | 2019-11-21 17:19:52,732 | routes | home | Logging a test message from /home
INFO | 2019-11-21 17:51:07,197 | routes | home | Logging a test message from /home
INFO | 2019-11-21 17:51:08,898 | routes | home | Logging a test message from /home
INFO | 2019-11-21 17:52:03,946 | routes | index | Logging a test message from /
INFO | 2019-11-21 18:05:04,032 | routes | login | Logging a test message from /login
INFO | 2019-11-21 18:05:14,366 | routes | login | Logging a test message from /login
INFO | 2019-11-21 18:05:14,378 | routes | home | Logging a test message from /home
INFO | 2019-11-21 18:09:18,130 | routes | home | Logging a test message from /home
INFO | 2019-11-21 18:11:42,675 | routes | home | Logging a test message from /home
INFO | 2019-11-21 18:14:11,192 | routes | home | Logging a test message from /home
INFO | 2019-11-24 03:19:21,773 | routes | index | Logging a test message from /
INFO | 2019-11-24 03:19:25,848 | routes | login | Logging a test message from /login
INFO | 2019-11-24 03:19:38,843 | routes | login | Logging a test message from /login
INFO | 2019-11-24 03:19:38,852 | routes | login | Logging a test message from /login
INFO | 2019-11-24 03:19:50,887 | routes | login | Logging a test message from /login
INFO | 2019-11-24 03:19:50,903 | routes | home | Logging a test message from /home
INFO | 2019-11-24 03:24:11,064 | routes | index | Logging a test message from /
INFO | 2019-11-24 03:35:46,035 | routes | home | Logging a test message from /home
INFO | 2019-11-24 03:38:07,046 | routes | home | Logging a test message from /home
INFO | 2019-11-24 03:42:53,967 | routes | home | Logging a test message from /home
INFO | 2019-11-24 03:42:56,116 | routes | home | Logging a test message from /home
INFO | 2019-11-24 03:43:47,305 | routes | home | Logging a test message from /home
INFO | 2019-11-24 14:40:15,577 | routes | home | Logging a test message from /home
INFO | 2019-11-24 14:40:19,234 | routes | home | Logging a test message from /home
INFO | 2019-11-24 22:39:00,270 | routes | home | Logging a test message from /home
INFO | 2019-11-24 22:39:10,875 | routes | home | Logging a test message from /home
INFO | 2019-11-24 22:41:39,609 | routes | home | Logging a test message from /home
INFO | 2019-11-24 22:41:48,120 | routes | home | Logging a test message from /home
INFO | 2019-11-26 00:03:44,054 | routes | home | Logging a test message from /home
INFO | 2019-11-26 03:06:32,053 | routes | home | Logging a test message from /home
INFO | 2019-11-26 03:06:38,707 | routes | home | Logging a test message from /home
INFO | 2019-11-26 03:07:35,798 | routes | home | Logging a test message from /home
INFO | 2019-11-26 03:08:07,877 | routes | home | Logging a test message from /home
INFO | 2019-11-26 03:08:35,676 | routes | home | Logging a test message from /home
INFO | 2019-11-26 03:09:03,339 | routes | home | Logging a test message from /home
INFO | 2019-11-26 06:18:44,260 | routes | home | Logging a test message from /home
INFO | 2019-11-26 06:21:40,506 | routes | home | Logging a test message from /home
INFO | 2019-11-26 06:26:05,821 | routes | home | Logging a test message from /home
INFO | 2019-11-26 06:26:29,487 | routes | home | Logging a test message from /home
INFO | 2019-11-26 06:27:34,600 | routes | home | Logging a test message from /home
INFO | 2019-11-29 04:13:05,602 | routes | home | Logging a test message from /home
INFO | 2019-11-29 04:13:05,790 | routes | login | Logging a test message from /login
INFO | 2019-11-29 04:13:20,268 | routes | login | Logging a test message from /login
INFO | 2019-11-29 04:13:20,276 | routes | home | Logging a test message from /home
INFO | 2019-11-29 04:15:50,152 | routes | home | Logging a test message from /home
INFO | 2019-11-29 04:20:10,319 | routes | home | Logging a test message from /home
INFO | 2019-11-29 04:38:56,790 | routes | index | Logging a test message from /
INFO | 2019-11-29 04:40:42,566 | routes | index | Logging a test message from /
INFO | 2019-11-29 04:47:15,135 | routes | index | Logging a test message from /
INFO | 2019-11-29 04:48:46,040 | routes | index | Logging a test message from /
INFO | 2019-11-29 04:50:43,550 | routes | index | Logging a test message from /
INFO | 2019-11-29 04:50:45,210 | routes | home | Logging a test message from /home
INFO | 2019-11-29 04:53:32,225 | routes | home | Logging a test message from /home
INFO | 2019-11-29 04:53:35,863 | routes | home | Logging a test message from /home
INFO | 2019-11-29 04:53:48,540 | routes | home | Logging a test message from /home
INFO | 2019-11-29 05:01:06,001 | routes | home | Logging a test message from /home
INFO | 2019-11-29 05:03:07,391 | routes | home | Logging a test message from /home
INFO | 2019-11-29 08:34:19,967 | routes | home | Logging a test message from /home
INFO | 2019-11-29 08:56:35,445 | routes | home | Logging a test message from /home
INFO | 2019-11-29 08:57:08,363 | routes | index | Logging a test message from /
INFO | 2019-11-29 08:57:10,747 | routes | home | Logging a test message from /home
INFO | 2019-11-29 08:58:42,534 | routes | home | Logging a test message from /home
INFO | 2019-11-29 18:54:55,816 | routes | logout | Logging a test message from /logout
INFO | 2019-11-29 18:54:55,826 | routes | index | Logging a test message from /
INFO | 2019-11-29 18:55:33,159 | routes | about | Logging a test message from /about
INFO | 2019-11-29 18:55:41,812 | routes | contact | Logging a test message from /contact
INFO | 2019-11-29 18:56:00,395 | routes | login | Logging a test message from /login
INFO | 2019-11-29 18:56:12,144 | routes | login | Logging a test message from /login
INFO | 2019-11-29 18:56:12,152 | routes | login | Logging a test message from /login
INFO | 2019-11-29 18:56:21,027 | routes | login | Logging a test message from /login
INFO | 2019-11-29 18:56:22,212 | routes | home | Logging a test message from /home
INFO | 2019-11-29 18:57:00,074 | routes | home | Logging a test message from /home
INFO | 2019-11-29 18:57:09,054 | routes | home | Logging a test message from /home
INFO | 2019-11-29 18:57:57,944 | routes | home | Logging a test message from /home
INFO | 2019-11-29 18:58:10,024 | routes | home | Logging a test message from /home
INFO | 2019-11-29 18:59:00,547 | routes | home | Logging a test message from /home
INFO | 2019-11-29 19:07:01,974 | routes | login | Logging a test message from /login
INFO | 2019-11-29 19:07:14,449 | routes | index | Logging a test message from /
INFO | 2019-11-29 19:07:17,155 | routes | home | Logging a test message from /home
INFO | 2019-11-29 19:07:44,331 | routes | home | Logging a test message from /home
INFO | 2019-11-29 20:19:18,182 | routes | home | Logging a test message from /home
INFO | 2019-11-29 20:31:18,281 | routes | home | Logging a test message from /home
INFO | 2019-11-29 20:32:12,480 | routes | home | Logging a test message from /home
INFO | 2019-11-29 20:41:46,491 | routes | home | Logging a test message from /home
INFO | 2019-11-29 20:43:25,559 | routes | home | Logging a test message from /home
INFO | 2019-11-29 20:44:20,278 | routes | home | Logging a test message from /home
INFO | 2019-11-29 20:44:23,747 | routes | home | Logging a test message from /home
INFO | 2019-11-29 20:45:16,764 | routes | home | Logging a test message from /home
INFO | 2019-11-29 20:46:24,903 | routes | home | Logging a test message from /home
INFO | 2019-11-29 20:47:22,498 | routes | home | Logging a test message from /home
INFO | 2019-11-29 20:53:47,024 | routes | home | Logging a test message from /home
INFO | 2019-11-29 20:56:25,801 | routes | home | Logging a test message from /home
INFO | 2019-11-29 21:01:23,529 | routes | home | Logging a test message from /home
INFO | 2019-11-29 21:02:26,945 | routes | home | Logging a test message from /home
INFO | 2019-11-29 21:12:41,423 | routes | home | Logging a test message from /home
INFO | 2019-11-29 21:13:40,221 | routes | home | Logging a test message from /home
INFO | 2019-11-29 21:17:02,808 | routes | home | Logging a test message from /home
INFO | 2019-11-29 21:17:13,239 | routes | home | Logging a test message from /home
INFO | 2019-11-29 21:17:33,984 | routes | home | Logging a test message from /home
INFO | 2019-11-29 21:29:52,131 | routes | home | Logging a test message from /home
INFO | 2019-11-29 21:35:38,901 | routes | home | Logging a test message from /home
INFO | 2019-11-29 21:36:36,147 | routes | home | Logging a test message from /home
INFO | 2019-11-29 21:38:08,880 | routes | home | Logging a test message from /home
INFO | 2019-11-29 21:38:57,997 | routes | home | Logging a test message from /home
INFO | 2019-11-29 21:39:33,732 | routes | home | Logging a test message from /home
INFO | 2019-11-29 21:40:57,029 | routes | home | Logging a test message from /home
INFO | 2019-11-29 21:41:54,425 | routes | home | Logging a test message from /home
INFO | 2019-11-29 21:43:43,862 | routes | home | Logging a test message from /home
INFO | 2019-11-29 21:43:57,424 | routes | home | Logging a test message from /home
INFO | 2019-11-29 21:44:26,557 | routes | home | Logging a test message from /home
INFO | 2019-11-29 21:44:56,925 | routes | home | Logging a test message from /home
INFO | 2019-11-29 21:46:33,320 | routes | home | Logging a test message from /home
INFO | 2019-11-29 21:47:35,293 | routes | home | Logging a test message from /home
INFO | 2019-11-29 21:47:46,270 | routes | home | Logging a test message from /home
INFO | 2019-11-29 21:47:56,999 | routes | home | Logging a test message from /home
INFO | 2019-11-29 21:53:44,903 | routes | home | Logging a test message from /home
INFO | 2019-11-29 21:53:54,422 | routes | home | Logging a test message from /home
INFO | 2019-11-29 21:56:14,990 | routes | home | Logging a test message from /home
INFO | 2019-11-29 21:58:39,947 | routes | home | Logging a test message from /home
INFO | 2019-11-29 21:59:37,090 | routes | home | Logging a test message from /home
INFO | 2019-11-29 21:59:48,574 | routes | home | Logging a test message from /home
INFO | 2019-11-30 09:00:50,709 | routes | home | Logging a test message from /home
INFO | 2019-12-01 17:02:47,521 | routes | home | Logging a test message from /home
INFO | 2019-12-01 17:02:47,577 | routes | home | Logging a test message from /home
INFO | 2019-12-01 17:13:00,985 | routes | home | Logging a test message from /home
INFO | 2019-12-01 17:13:56,544 | routes | home | Logging a test message from /home
INFO | 2019-12-01 17:13:57,712 | routes | home | Logging a test message from /home
INFO | 2019-12-01 17:14:05,128 | routes | home | Logging a test message from /home
INFO | 2019-12-01 17:16:14,721 | routes | home | Logging a test message from /home
INFO | 2019-12-01 17:16:19,811 | routes | home | Logging a test message from /home
INFO | 2019-12-13 01:46:59,401 | routes | home | Logging a test message from /home
INFO | 2019-12-13 01:46:59,482 | routes | home | Logging a test message from /home
INFO | 2019-12-13 01:46:59,494 | routes | login | Logging a test message from /login
INFO | 2019-12-13 01:47:05,887 | routes | index | Logging a test message from /
INFO | 2019-12-13 01:47:30,331 | routes | login | Logging a test message from /login
INFO | 2019-12-13 01:47:39,812 | routes | login | Logging a test message from /login
INFO | 2019-12-13 01:47:41,583 | routes | home | Logging a test message from /home
INFO | 2019-12-13 01:47:50,301 | routes | home | Logging a test message from /home
INFO | 2019-12-13 01:48:01,448 | routes | home | Logging a test message from /home
INFO | 2019-12-13 01:49:24,436 | routes | home | Logging a test message from /home
INFO | 2019-12-13 01:50:21,929 | routes | home | Logging a test message from /home
INFO | 2019-12-13 02:02:02,511 | routes | home | Logging a test message from /home
INFO | 2019-12-13 02:02:18,946 | routes | home | Logging a test message from /home
INFO | 2019-12-13 02:11:30,041 | routes | home | Logging a test message from /home
INFO | 2019-12-13 14:36:42,925 | routes | home | Logging a test message from /home
INFO | 2019-12-13 15:06:14,489 | routes | home | Logging a test message from /home
INFO | 2019-12-13 15:08:00,129 | routes | home | Logging a test message from /home
INFO | 2019-12-13 15:08:56,689 | routes | home | Logging a test message from /home
INFO | 2019-12-13 15:09:03,287 | routes | home | Logging a test message from /home
INFO | 2019-12-13 15:09:36,356 | routes | home | Logging a test message from /home
INFO | 2019-12-13 15:09:44,697 | routes | home | Logging a test message from /home
INFO | 2019-12-13 15:10:50,935 | routes | home | Logging a test message from /home
INFO | 2019-12-13 15:10:57,354 | routes | home | Logging a test message from /home
INFO | 2019-12-13 15:11:00,067 | routes | home | Logging a test message from /home
INFO | 2019-12-13 15:12:25,548 | routes | home | Logging a test message from /home
INFO | 2019-12-13 15:13:29,366 | routes | home | Logging a test message from /home
INFO | 2019-12-13 15:14:32,720 | routes | home | Logging a test message from /home
INFO | 2019-12-13 15:14:47,635 | routes | home | Logging a test message from /home
INFO | 2019-12-14 07:19:41,596 | routes | home | Logging a test message from /home
INFO | 2019-12-14 07:34:29,411 | routes | home | Logging a test message from /home
INFO | 2019-12-14 07:35:00,432 | routes | home | Logging a test message from /home
INFO | 2019-12-14 07:49:43,639 | routes | home | Logging a test message from /home
INFO | 2019-12-14 07:51:18,194 | routes | home | Logging a test message from /home
INFO | 2019-12-14 07:51:27,541 | routes | home | Logging a test message from /home
INFO | 2019-12-14 07:51:41,301 | routes | home | Logging a test message from /home
INFO | 2019-12-14 07:51:49,165 | routes | home | Logging a test message from /home
INFO | 2019-12-14 10:26:06,083 | routes | home | Logging a test message from /home
INFO | 2019-12-14 10:26:16,361 | routes | home | Logging a test message from /home
INFO | 2019-12-14 10:27:04,408 | routes | home | Logging a test message from /home
INFO | 2019-12-14 10:37:20,878 | routes | home | Logging a test message from /home
INFO | 2019-12-14 10:38:31,792 | routes | home | Logging a test message from /home
INFO | 2019-12-14 10:38:45,260 | routes | home | Logging a test message from /home
INFO | 2019-12-14 10:39:53,972 | routes | home | Logging a test message from /home
INFO | 2019-12-14 10:43:10,960 | routes | home | Logging a test message from /home
INFO | 2019-12-14 10:47:34,946 | routes | home | Logging a test message from /home
INFO | 2019-12-14 10:51:34,582 | routes | home | Logging a test message from /home
INFO | 2019-12-14 10:52:54,930 | routes | home | Logging a test message from /home
INFO | 2019-12-14 10:54:20,580 | routes | home | Logging a test message from /home
INFO | 2019-12-14 10:55:37,859 | routes | home | Logging a test message from /home
INFO | 2019-12-14 10:57:07,363 | routes | home | Logging a test message from /home
INFO | 2019-12-14 10:57:27,012 | routes | home | Logging a test message from /home
INFO | 2019-12-14 10:57:35,382 | routes | home | Logging a test message from /home
INFO | 2019-12-14 10:57:51,472 | routes | home | Logging a test message from /home
INFO | 2019-12-14 10:58:29,311 | routes | home | Logging a test message from /home
INFO | 2019-12-14 10:58:38,763 | routes | home | Logging a test message from /home
INFO | 2019-12-14 11:00:54,754 | routes | home | Logging a test message from /home
INFO | 2019-12-14 11:02:31,429 | routes | home | Logging a test message from /home
INFO | 2019-12-14 11:03:22,511 | routes | home | Logging a test message from /home
INFO | 2019-12-14 11:04:22,587 | routes | home | Logging a test message from /home
INFO | 2019-12-14 11:07:29,021 | routes | home | Logging a test message from /home
INFO | 2019-12-14 12:28:04,979 | routes | home | Logging a test message from /home
INFO | 2019-12-14 12:28:26,718 | routes | home | Logging a test message from /home
INFO | 2019-12-14 12:35:30,976 | routes | home | Logging a test message from /home
INFO | 2019-12-14 12:36:00,125 | routes | home | Logging a test message from /home
INFO | 2019-12-14 12:50:34,581 | routes | home | Logging a test message from /home
INFO | 2019-12-14 12:51:42,470 | routes | home | Logging a test message from /home
INFO | 2019-12-14 12:52:14,124 | routes | home | Logging a test message from /home
INFO | 2019-12-14 12:52:40,293 | routes | home | Logging a test message from /home
INFO | 2019-12-14 13:48:59,947 | routes | home | Logging a test message from /home
INFO | 2019-12-14 13:50:28,892 | routes | home | Logging a test message from /home
INFO | 2019-12-14 13:50:45,451 | routes | home | Logging a test message from /home
INFO | 2019-12-14 13:51:43,101 | routes | home | Logging a test message from /home
INFO | 2019-12-14 13:58:22,656 | routes | home | Logging a test message from /home
INFO | 2019-12-14 13:59:02,108 | routes | home | Logging a test message from /home
INFO | 2019-12-14 13:59:57,794 | routes | home | Logging a test message from /home
INFO | 2019-12-14 14:00:25,225 | routes | home | Logging a test message from /home
INFO | 2019-12-14 14:01:48,107 | routes | index | Logging a test message from /
INFO | 2019-12-14 14:05:39,885 | routes | home | Logging a test message from /home
INFO | 2019-12-14 14:06:14,858 | routes | home | Logging a test message from /home
INFO | 2019-12-14 14:07:30,416 | routes | home | Logging a test message from /home
INFO | 2019-12-14 14:08:10,327 | routes | home | Logging a test message from /home
INFO | 2019-12-14 14:08:58,826 | routes | home | Logging a test message from /home
INFO | 2019-12-14 14:15:47,350 | routes | home | Logging a test message from /home
INFO | 2019-12-17 09:59:59,686 | routes | home | Logging a test message from /home
INFO | 2019-12-17 09:59:59,730 | routes | login | Logging a test message from /login
INFO | 2019-12-17 10:01:05,234 | routes | login | Logging a test message from /login
INFO | 2019-12-17 10:01:07,246 | routes | home | Logging a test message from /home
INFO | 2019-12-17 10:01:38,183 | routes | home | Logging a test message from /home
INFO | 2019-12-17 10:04:22,455 | routes | home | Logging a test message from /home
INFO | 2019-12-17 10:04:31,176 | routes | home | Logging a test message from /home
INFO | 2019-12-17 10:37:36,440 | routes | home | Logging a test message from /home
INFO | 2019-12-17 10:40:24,322 | routes | home | Logging a test message from /home
INFO | 2019-12-17 10:41:07,418 | routes | home | Logging a test message from /home
INFO | 2019-12-17 10:41:19,432 | routes | home | Logging a test message from /home
INFO | 2019-12-17 10:41:34,540 | routes | home | Logging a test message from /home
INFO | 2019-12-17 10:52:25,208 | routes | logout | Logging a test message from /logout
INFO | 2019-12-17 10:52:25,536 | routes | index | Logging a test message from /
INFO | 2019-12-17 10:55:08,559 | routes | login | Logging a test message from /login
INFO | 2019-12-17 10:55:19,313 | routes | login | Logging a test message from /login
INFO | 2019-12-17 10:55:19,320 | routes | login | Logging a test message from /login
INFO | 2019-12-17 10:55:35,660 | routes | login | Logging a test message from /login
INFO | 2019-12-17 10:55:37,973 | routes | home | Logging a test message from /home
INFO | 2019-12-17 10:56:23,557 | routes | home | Logging a test message from /home
INFO | 2019-12-17 10:56:36,371 | routes | home | Logging a test message from /home
INFO | 2019-12-17 10:57:10,097 | routes | map | Logging a test message from /map
INFO | 2019-12-17 10:57:54,945 | routes | map | Logging a test message from /map
INFO | 2019-12-17 10:58:34,259 | routes | about | Logging a test message from /about
INFO | 2019-12-17 11:15:43,955 | routes | home | Logging a test message from /home
INFO | 2019-12-17 11:16:43,864 | routes | home | Logging a test message from /home
INFO | 2019-12-17 11:17:08,235 | routes | home | Logging a test message from /home
INFO | 2019-12-17 11:17:57,057 | routes | home | Logging a test message from /home
INFO | 2019-12-17 11:34:15,543 | routes | home | Logging a test message from /home
INFO | 2019-12-17 11:37:11,004 | routes | home | Logging a test message from /home
INFO | 2019-12-17 11:37:37,054 | routes | home | Logging a test message from /home
INFO | 2019-12-17 11:50:58,252 | routes | home | Logging a test message from /home
INFO | 2019-12-17 15:41:29,089 | routes | home | Logging a test message from /home
INFO | 2019-12-17 15:45:52,454 | routes | home | Logging a test message from /home
INFO | 2019-12-17 15:58:16,093 | routes | home | Logging a test message from /home
INFO | 2019-12-17 15:58:37,082 | routes | home | Logging a test message from /home
INFO | 2019-12-17 15:59:05,956 | routes | home | Logging a test message from /home
INFO | 2019-12-17 16:02:38,378 | routes | home | Logging a test message from /home
INFO | 2019-12-17 16:03:34,903 | routes | home | Logging a test message from /home
INFO | 2019-12-17 16:07:48,731 | routes | home | Logging a test message from /home
INFO | 2019-12-17 17:26:48,042 | routes | home | Logging a test message from /home
INFO | 2019-12-17 17:36:16,306 | routes | home | Logging a test message from /home
INFO | 2019-12-17 17:36:31,507 | routes | home | Logging a test message from /home
INFO | 2019-12-17 17:44:40,544 | routes | home | Logging a test message from /home
INFO | 2019-12-17 17:44:42,338 | routes | home | Logging a test message from /home
INFO | 2019-12-17 17:44:51,512 | routes | home | Logging a test message from /home
INFO | 2019-12-17 18:56:50,097 | routes | home | Logging a test message from /home
INFO | 2019-12-19 20:34:00,471 | routes | index | Logging a test message from /
INFO | 2019-12-19 20:34:11,679 | routes | login | Logging a test message from /login
INFO | 2019-12-19 20:35:53,888 | routes | login | Logging a test message from /login
INFO | 2019-12-19 20:35:55,699 | routes | home | Logging a test message from /home
INFO | 2019-12-19 20:39:54,032 | routes | home | Logging a test message from /home
INFO | 2019-12-19 20:52:48,836 | routes | home | Logging a test message from /home
INFO | 2019-12-19 20:52:59,761 | routes | home | Logging a test message from /home
INFO | 2019-12-19 20:53:20,115 | routes | home | Logging a test message from /home
INFO | 2019-12-19 20:56:08,366 | routes | home | Logging a test message from /home
INFO | 2019-12-19 21:18:07,012 | routes | home | Logging a test message from /home
INFO | 2019-12-19 21:18:10,646 | routes | home | Logging a test message from /home
INFO | 2019-12-19 21:28:25,659 | routes | home | Logging a test message from /home
INFO | 2019-12-19 21:31:54,109 | routes | home | Logging a test message from /home
INFO | 2019-12-19 21:32:58,669 | routes | home | Logging a test message from /home
INFO | 2019-12-19 21:34:54,263 | routes | home | Logging a test message from /home
INFO | 2019-12-19 21:35:03,450 | routes | home | Logging a test message from /home
INFO | 2019-12-19 21:37:07,555 | routes | home | Logging a test message from /home
INFO | 2019-12-19 21:44:40,635 | routes | home | Logging a test message from /home
INFO | 2019-12-20 00:46:53,964 | routes | home | Logging a test message from /home
INFO | 2019-12-20 00:47:03,239 | routes | home | Logging a test message from /home
INFO | 2019-12-20 00:47:33,201 | routes | home | Logging a test message from /home
INFO | 2019-12-20 00:47:37,802 | routes | home | Logging a test message from /home
INFO | 2019-12-20 00:48:06,032 | routes | home | Logging a test message from /home
INFO | 2019-12-20 00:49:45,561 | routes | home | Logging a test message from /home
INFO | 2019-12-20 01:08:14,909 | routes | home | Logging a test message from /home
INFO | 2019-12-20 01:08:48,298 | routes | home | Logging a test message from /home
INFO | 2019-12-20 01:10:31,684 | routes | home | Logging a test message from /home
INFO | 2019-12-20 01:12:40,259 | routes | home | Logging a test message from /home
INFO | 2019-12-20 01:13:17,579 | routes | home | Logging a test message from /home
INFO | 2019-12-20 01:37:48,724 | routes | home | Logging a test message from /home
INFO | 2019-12-20 01:38:41,220 | routes | home | Logging a test message from /home
INFO | 2019-12-20 01:42:08,278 | routes | home | Logging a test message from /home
INFO | 2019-12-20 01:42:15,082 | routes | home | Logging a test message from /home
INFO | 2019-12-20 01:42:52,139 | routes | home | Logging a test message from /home
INFO | 2019-12-20 01:42:57,873 | routes | home | Logging a test message from /home
INFO | 2019-12-20 01:45:21,448 | routes | home | Logging a test message from /home
INFO | 2019-12-20 02:24:04,467 | routes | home | Logging a test message from /home
INFO | 2019-12-20 02:24:21,288 | routes | home | Logging a test message from /home
INFO | 2019-12-20 02:33:45,546 | routes | home | Logging a test message from /home
INFO | 2019-12-20 13:21:12,195 | routes | index | Logging a test message from /
INFO | 2019-12-20 13:21:17,374 | routes | login | Logging a test message from /login
INFO | 2019-12-20 13:21:26,957 | routes | login | Logging a test message from /login
INFO | 2019-12-20 13:21:26,967 | routes | login | Logging a test message from /login
INFO | 2019-12-20 13:21:34,445 | routes | login | Logging a test message from /login
INFO | 2019-12-20 13:21:36,304 | routes | home | Logging a test message from /home
INFO | 2019-12-20 13:38:21,767 | routes | home | Logging a test message from /home
INFO | 2019-12-21 02:52:13,208 | routes | index | Logging a test message from /
INFO | 2019-12-21 02:55:53,346 | routes | login | Logging a test message from /login
INFO | 2019-12-21 02:56:00,710 | routes | login | Logging a test message from /login
INFO | 2019-12-21 02:56:02,457 | routes | home | Logging a test message from /home
INFO | 2019-12-21 02:56:24,580 | routes | home | Logging a test message from /home
INFO | 2019-12-21 02:58:14,058 | routes | home | Logging a test message from /home
INFO | 2019-12-21 03:06:37,554 | routes | home | Logging a test message from /home
INFO | 2019-12-21 03:12:02,497 | routes | home | Logging a test message from /home
INFO | 2019-12-21 03:35:18,322 | routes | home | Logging a test message from /home
INFO | 2019-12-21 03:37:23,139 | routes | home | Logging a test message from /home
INFO | 2019-12-21 03:37:32,494 | routes | home | Logging a test message from /home
INFO | 2019-12-21 03:37:40,506 | routes | home | Logging a test message from /home
INFO | 2019-12-21 03:38:25,076 | routes | home | Logging a test message from /home
INFO | 2019-12-21 06:01:14,954 | routes | index | Logging a test message from /
INFO | 2019-12-21 06:01:24,277 | routes | home | Logging a test message from /home
INFO | 2019-12-21 06:01:28,908 | routes | home | Logging a test message from /home
INFO | 2019-12-21 06:35:34,300 | routes | home | Logging a test message from /home
INFO | 2019-12-21 06:35:37,326 | routes | home | Logging a test message from /home
INFO | 2019-12-21 06:37:52,085 | routes | home | Logging a test message from /home
INFO | 2019-12-21 06:37:54,174 | routes | home | Logging a test message from /home
INFO | 2019-12-21 17:18:58,425 | routes | home | Logging a test message from /home
INFO | 2019-12-21 17:19:04,773 | routes | home | Logging a test message from /home
INFO | 2019-12-21 17:21:26,879 | routes | home | Logging a test message from /home
INFO | 2019-12-21 17:21:33,704 | routes | home | Logging a test message from /home
INFO | 2019-12-21 17:21:58,976 | routes | home | Logging a test message from /home
INFO | 2019-12-21 17:22:00,585 | routes | index | Logging a test message from /
INFO | 2019-12-21 17:22:07,456 | routes | home | Logging a test message from /home
INFO | 2019-12-21 17:22:17,226 | routes | index | Logging a test message from /
INFO | 2019-12-21 17:23:01,998 | routes | home | Logging a test message from /home
INFO | 2019-12-21 17:33:00,651 | routes | home | Logging a test message from /home
INFO | 2019-12-21 17:50:11,235 | routes | home | Logging a test message from /home
INFO | 2019-12-21 17:53:54,051 | routes | home | Logging a test message from /home
INFO | 2019-12-21 18:05:13,763 | routes | home | Logging a test message from /home
INFO | 2019-12-21 18:08:13,911 | routes | home | Logging a test message from /home/
INFO | 2019-12-21 18:10:31,154 | routes | index | Logging a test message from /
INFO | 2019-12-21 18:14:18,758 | routes | about | Logging a test message from /about
INFO | 2019-12-21 18:14:32,502 | routes | map | Logging a test message from /map
INFO | 2019-12-21 18:17:28,508 | routes | index | Logging a test message from /
INFO | 2019-12-21 18:17:30,989 | routes | index | Logging a test message from /
INFO | 2019-12-21 18:17:33,559 | routes | login | Logging a test message from /login
INFO | 2019-12-21 18:17:47,543 | routes | login | Logging a test message from /login
INFO | 2019-12-21 18:17:47,999 | routes | home | Logging a test message from /home
INFO | 2019-12-21 18:18:39,095 | routes | home | Logging a test message from /home
INFO | 2019-12-21 18:21:13,501 | routes | home | Logging a test message from /home/
INFO | 2019-12-21 18:24:20,274 | routes | home | Logging a test message from /home/
INFO | 2019-12-21 18:47:11,351 | routes | home | Logging a test message from /home/
INFO | 2019-12-21 18:47:16,259 | routes | home | Logging a test message from /home/
INFO | 2019-12-21 18:48:22,511 | routes | home | Logging a test message from /home/
INFO | 2019-12-21 18:49:49,980 | routes | home | Logging a test message from /home/
INFO | 2019-12-21 18:50:53,866 | routes | index | Logging a test message from /
INFO | 2019-12-21 18:50:55,764 | routes | index | Logging a test message from /
INFO | 2019-12-21 18:50:58,321 | routes | login | Logging a test message from /login
INFO | 2019-12-21 18:51:13,265 | routes | login | Logging a test message from /login
INFO | 2019-12-21 18:51:13,938 | routes | home | Logging a test message from /home/
INFO | 2019-12-21 19:01:25,605 | routes | index | Logging a test message from /
INFO | 2019-12-21 19:01:27,411 | routes | index | Logging a test message from /
INFO | 2019-12-21 19:01:29,864 | routes | login | Logging a test message from /login
INFO | 2019-12-21 19:01:43,360 | routes | login | Logging a test message from /login
INFO | 2019-12-21 19:01:44,440 | routes | home | Logging a test message from /home/
INFO | 2019-12-21 19:04:07,946 | routes | home | Logging a test message from /home/
INFO | 2019-12-21 19:04:13,710 | routes | home | Logging a test message from /home/
INFO | 2019-12-21 19:04:54,331 | routes | home | Logging a test message from /home/
INFO | 2019-12-21 19:05:06,185 | routes | home | Logging a test message from /home/
INFO | 2019-12-21 19:05:06,191 | routes | login | Logging a test message from /login
INFO | 2019-12-21 19:06:30,315 | routes | map | Logging a test message from /map
INFO | 2019-12-21 19:06:42,689 | routes | home | Logging a test message from /home/
INFO | 2019-12-21 19:06:43,088 | routes | home | Logging a test message from /home/
INFO | 2019-12-21 19:06:43,113 | routes | login | Logging a test message from /login
INFO | 2019-12-21 19:08:23,938 | routes | home | Logging a test message from /home/
INFO | 2019-12-21 19:08:24,549 | routes | home | Logging a test message from /home/
INFO | 2019-12-21 19:09:22,070 | routes | home | Logging a test message from /home/
INFO | 2019-12-21 19:09:22,466 | routes | home | Logging a test message from /home/
INFO | 2019-12-21 19:10:26,677 | routes | home | Logging a test message from /home/
INFO | 2019-12-21 19:10:27,120 | routes | home | Logging a test message from /home/
INFO | 2019-12-23 01:44:41,724 | routes | index | Logging a test message from /
INFO | 2019-12-23 01:44:46,107 | routes | login | Logging a test message from /login
INFO | 2019-12-23 01:44:55,712 | routes | login | Logging a test message from /login
INFO | 2019-12-23 01:44:56,732 | routes | home | Logging a test message from /home/
INFO | 2019-12-23 02:01:15,216 | routes | home | Logging a test message from /home/
INFO | 2019-12-23 02:06:20,884 | routes | home | Logging a test message from /home
INFO | 2019-12-23 02:11:48,894 | routes | home | Logging a test message from /home
INFO | 2019-12-23 02:11:52,781 | routes | home | Logging a test message from /home
INFO | 2019-12-23 02:12:30,170 | routes | category | Logging a test message from /home/
INFO | 2019-12-23 02:13:27,633 | routes | category | Logging a test message from /home/
INFO | 2019-12-23 02:13:35,692 | routes | home | Logging a test message from /home
INFO | 2019-12-23 02:13:38,642 | routes | category | Logging a test message from /home/
INFO | 2019-12-23 02:19:58,333 | routes | home | Logging a test message from /home
INFO | 2019-12-23 02:23:58,555 | routes | home | Logging a test message from /home
INFO | 2019-12-23 02:25:05,040 | routes | home | Logging a test message from /home
INFO | 2019-12-24 23:44:55,688 | routes | index | Logging a test message from /
INFO | 2019-12-24 23:44:59,449 | routes | login | Logging a test message from /login
INFO | 2019-12-24 23:45:15,087 | routes | login | Logging a test message from /login
INFO | 2019-12-24 23:45:16,718 | routes | home | Logging a test message from /home
INFO | 2019-12-25 01:37:40,851 | routes | index | Logging a test message from /
INFO | 2019-12-25 01:37:49,658 | routes | login | Logging a test message from /login
INFO | 2019-12-25 01:38:00,446 | routes | login | Logging a test message from /login
INFO | 2019-12-25 01:38:01,425 | routes | home | Logging a test message from /home
INFO | 2019-12-25 01:57:19,785 | routes | home | Logging a test message from /home
INFO | 2019-12-25 01:57:47,433 | routes | home | Logging a test message from /home
INFO | 2019-12-25 01:58:17,530 | routes | home | Logging a test message from /home
INFO | 2019-12-25 02:01:48,390 | routes | home | Logging a test message from /home
INFO | 2019-12-26 20:37:57,765 | routes | home | Logging a test message from /home
INFO | 2019-12-26 20:37:57,866 | routes | login | Logging a test message from /login
INFO | 2019-12-26 20:38:00,897 | routes | login | Logging a test message from /login
INFO | 2019-12-26 20:38:14,718 | routes | login | Logging a test message from /login
INFO | 2019-12-26 20:38:16,655 | routes | home | Logging a test message from /home
INFO | 2019-12-26 20:44:20,276 | routes | home | Logging a test message from /home
INFO | 2019-12-26 20:48:11,334 | routes | home | Logging a test message from /home
INFO | 2019-12-26 20:48:27,649 | routes | home | Logging a test message from /home
INFO | 2019-12-27 00:23:30,286 | routes | home | Logging a test message from /home
INFO | 2019-12-27 00:28:37,761 | routes | login | Logging a test message from /login
INFO | 2019-12-27 00:28:38,145 | routes | home | Logging a test message from /home
INFO | 2019-12-27 00:29:23,516 | routes | home | Logging a test message from /home
INFO | 2019-12-27 00:31:02,779 | routes | home | Logging a test message from /home/
INFO | 2019-12-27 00:31:36,467 | routes | home | Logging a test message from /home/
INFO | 2019-12-27 00:31:53,009 | routes | index | Logging a test message from /
INFO | 2019-12-27 00:31:57,893 | routes | map | Logging a test message from /map
INFO | 2019-12-27 00:32:00,379 | routes | home | Logging a test message from /home/
INFO | 2019-12-27 00:32:10,590 | routes | home | Logging a test message from /home/
INFO | 2019-12-27 00:35:24,491 | routes | home | Logging a test message from /home/
INFO | 2019-12-27 00:35:33,100 | routes | home | Logging a test message from /home/
INFO | 2019-12-27 00:35:39,992 | routes | home | Logging a test message from /home/
INFO | 2019-12-27 01:27:15,900 | routes | home | Logging a test message from /home/
INFO | 2019-12-27 01:27:34,843 | routes | home | Logging a test message from /home/
INFO | 2019-12-27 01:29:20,226 | routes | home | Logging a test message from /home/
INFO | 2019-12-27 01:29:46,336 | routes | home | Logging a test message from /home/
INFO | 2019-12-27 01:33:42,304 | routes | home | Logging a test message from /home/
INFO | 2019-12-27 01:34:41,745 | routes | home | Logging a test message from /home/
INFO | 2019-12-27 01:52:07,155 | routes | home | Logging a test message from /home/
INFO | 2019-12-27 01:52:24,756 | routes | home | Logging a test message from /home/
INFO | 2019-12-27 01:52:56,854 | routes | home | Logging a test message from /home/
INFO | 2019-12-27 02:33:57,105 | routes | home | Logging a test message from /home/
INFO | 2019-12-27 02:34:22,061 | routes | home | Logging a test message from /home/
INFO | 2019-12-27 02:34:28,301 | routes | home | Logging a test message from /home/
INFO | 2019-12-27 02:35:11,847 | routes | home | Logging a test message from /home/
INFO | 2019-12-27 02:35:26,917 | routes | home | Logging a test message from /home/
INFO | 2019-12-27 02:35:49,441 | routes | home | Logging a test message from /home/
INFO | 2019-12-27 02:37:41,959 | routes | home | Logging a test message from /home/
INFO | 2019-12-27 02:49:26,039 | routes | home | Logging a test message from /home/
INFO | 2019-12-27 02:49:49,274 | routes | home | Logging a test message from /home/
INFO | 2019-12-27 02:49:56,326 | routes | home | Logging a test message from /home/
INFO | 2019-12-27 02:50:22,621 | routes | home | Logging a test message from /home/
INFO | 2019-12-27 02:50:38,524 | routes | home | Logging a test message from /home/
INFO | 2019-12-27 02:50:43,619 | routes | home | Logging a test message from /home/
INFO | 2019-12-27 02:53:37,484 | routes | home | Logging a test message from /home/
INFO | 2019-12-27 02:53:59,391 | routes | home | Logging a test message from /home/
INFO | 2019-12-27 02:55:09,832 | routes | home | Logging a test message from /home/
INFO | 2019-12-28 02:40:52,989 | routes | index | Logging a test message from /
INFO | 2019-12-28 02:40:58,625 | routes | login | Logging a test message from /login
INFO | 2019-12-28 02:41:07,707 | routes | login | Logging a test message from /login
INFO | 2019-12-28 02:41:09,147 | routes | home | Logging a test message from /home/
INFO | 2019-12-28 02:41:13,521 | routes | home | Logging a test message from /home/
INFO | 2019-12-28 02:43:42,990 | routes | home | Logging a test message from /home/
INFO | 2019-12-28 02:44:37,927 | routes | home | Logging a test message from /home/
INFO | 2019-12-28 02:44:41,396 | routes | home | Logging a test message from /home/
INFO | 2019-12-28 02:44:51,453 | routes | home | Logging a test message from /home/
INFO | 2019-12-28 02:53:29,845 | routes | home | Logging a test message from /home/
INFO | 2019-12-28 02:53:39,810 | routes | home | Logging a test message from /home/
INFO | 2019-12-28 02:55:41,737 | routes | home | Logging a test message from /home/
INFO | 2019-12-28 02:56:44,151 | routes | home | Logging a test message from /home/
INFO | 2019-12-28 03:00:25,593 | routes | home | Logging a test message from /home/
INFO | 2019-12-28 03:00:28,354 | routes | home | Logging a test message from /home/
INFO | 2019-12-28 03:03:02,160 | routes | home | Logging a test message from /home/
INFO | 2019-12-28 03:03:05,267 | routes | home | Logging a test message from /home/
INFO | 2019-12-28 03:04:40,818 | routes | home | Logging a test message from /home/
INFO | 2019-12-28 03:05:02,332 | routes | home | Logging a test message from /home/
INFO | 2019-12-28 03:05:06,312 | routes | home | Logging a test message from /home/
INFO | 2019-12-28 03:08:38,842 | routes | home | Logging a test message from /home/
INFO | 2019-12-28 03:08:54,453 | routes | home | Logging a test message from /home/
INFO | 2019-12-28 03:11:11,778 | routes | home | Logging a test message from /home/
INFO | 2019-12-28 03:11:27,246 | routes | home | Logging a test message from /home/
INFO | 2019-12-28 03:13:25,586 | routes | home | Logging a test message from /home/
INFO | 2019-12-28 03:13:28,513 | routes | home | Logging a test message from /home/
INFO | 2019-12-28 03:15:58,299 | routes | home | Logging a test message from /home/
INFO | 2019-12-28 03:16:25,028 | routes | home | Logging a test message from /home/
INFO | 2019-12-28 03:16:46,639 | routes | home | Logging a test message from /home/
INFO | 2019-12-28 03:18:36,100 | routes | home | Logging a test message from /home/
INFO | 2019-12-28 03:18:38,558 | routes | home | Logging a test message from /home/
INFO | 2019-12-28 03:20:20,650 | routes | home | Logging a test message from /home/
INFO | 2019-12-28 03:21:37,032 | routes | home | Logging a test message from /home/
INFO | 2019-12-28 03:30:08,296 | routes | home | Logging a test message from /home/
INFO | 2019-12-28 03:30:10,738 | routes | home | Logging a test message from /home/
INFO | 2019-12-28 03:32:13,515 | routes | home | Logging a test message from /home/
INFO | 2019-12-28 03:32:17,031 | routes | home | Logging a test message from /home/
INFO | 2019-12-28 03:32:57,385 | routes | home | Logging a test message from /home/
INFO | 2019-12-28 03:33:27,386 | routes | home | Logging a test message from /home/
INFO | 2019-12-28 03:34:54,951 | routes | home | Logging a test message from /home/
INFO | 2019-12-28 03:37:09,446 | routes | home | Logging a test message from /home/
INFO | 2019-12-28 03:42:16,774 | routes | home | Logging a test message from /home/
INFO | 2019-12-28 03:42:19,324 | routes | home | Logging a test message from /home/
INFO | 2019-12-28 03:46:13,976 | routes | home | Logging a test message from /home/
INFO | 2019-12-28 03:46:20,445 | routes | home | Logging a test message from /home/
INFO | 2019-12-28 03:48:28,466 | routes | home | Logging a test message from /home/
INFO | 2019-12-28 03:48:38,774 | routes | home | Logging a test message from /home/
INFO | 2019-12-28 03:49:03,978 | routes | home | Logging a test message from /home/
INFO | 2019-12-28 03:50:15,892 | routes | home | Logging a test message from /home/
INFO | 2019-12-28 03:50:57,752 | routes | home | Logging a test message from /home/
INFO | 2019-12-28 04:09:59,804 | routes | home | Logging a test message from /home/
INFO | 2019-12-28 04:11:41,764 | routes | home | Logging a test message from /home/
INFO | 2019-12-28 04:11:45,711 | routes | home | Logging a test message from /home/
INFO | 2019-12-28 04:12:00,761 | routes | home | Logging a test message from /home/
INFO | 2019-12-28 04:12:05,151 | routes | home | Logging a test message from /home/
INFO | 2019-12-28 04:12:09,775 | routes | home | Logging a test message from /home/
INFO | 2019-12-28 04:12:27,491 | routes | home | Logging a test message from /home/
INFO | 2019-12-28 04:14:03,850 | routes | home | Logging a test message from /home/
INFO | 2019-12-28 05:24:34,753 | routes | home | Logging a test message from /home/
INFO | 2019-12-28 05:25:52,358 | routes | about | Logging a test message from /about
INFO | 2019-12-28 05:25:56,267 | routes | about | Logging a test message from /about
INFO | 2019-12-28 05:33:20,205 | routes | about | Logging a test message from /about
INFO | 2019-12-28 05:33:27,540 | routes | home | Logging a test message from /home/
